2015-05-07 12:27:57,247 - INFO - starting GAST
2015-05-07 14:30:44,995 - INFO - starting GAST
2015-05-07 14:30:44,995 - INFO - starting db upload
2015-05-07 14:30:44,995 - INFO - ALL DONE
2015-05-07 14:35:25,461 - INFO - log: /Users/avoorhis/programming/vamps-node.js/user_data/vamps_dev_mobe/andy/project:test24/log.txt
2015-05-07 14:35:25,462 - INFO - starting GAST
2015-05-07 14:35:25,462 - INFO - starting db upload
2015-05-07 14:35:25,462 - INFO - ALL DONE
2015-05-07 14:37:47,370 - INFO - log: /Users/avoorhis/programming/vamps-node.js/user_data/vamps_dev_mobe/andy/project:test24/log.txt
2015-05-07 14:37:47,370 - INFO - starting GAST
2015-05-07 14:37:47,370 - INFO - starting db upload
2015-05-07 14:37:47,371 - INFO - ALL DONE
2015-05-07 14:42:07,635 - INFO - log: /Users/avoorhis/programming/vamps-node.js/user_data/vamps_dev_mobe/andy/project:test24/log.txt
2015-05-07 14:42:07,636 - INFO - starting GAST
2015-05-07 14:42:07,636 - INFO - starting db upload
2015-05-07 14:42:07,636 - INFO - ALL DONE
2015-05-07 14:44:10,276 - INFO - log: /Users/avoorhis/programming/vamps-node.js/user_data/vamps_dev_mobe/andy/project:test24/log.txt
2015-05-07 14:44:10,276 - INFO - starting GAST
2015-05-07 14:44:10,276 - INFO - starting db upload
2015-05-07 14:44:10,276 - INFO - ALL DONE
2015-05-07 14:56:19,669 - DEBUG - Quick zephyrs blow, vexing daft Jim.
2015-05-07 14:56:19,672 - INFO - log: /Users/avoorhis/programming/vamps-node.js/user_data/vamps_dev_mobe/andy/project:test24/log.txt
2015-05-07 14:56:19,672 - INFO - starting GAST
2015-05-07 14:56:19,673 - INFO - starting db upload
2015-05-07 14:56:19,673 - INFO - ALL DONE
2015-05-07 14:57:14,400 - INFO - log: /Users/avoorhis/programming/vamps-node.js/user_data/vamps_dev_mobe/andy/project:test24/log.txt
2015-05-07 14:57:14,400 - INFO - starting GAST
2015-05-07 14:57:14,400 - INFO - starting db upload
2015-05-07 14:57:14,400 - INFO - ALL DONE
2015-05-07 14:59:11,500 - INFO - log: /Users/avoorhis/programming/vamps-node.js/user_data/vamps_dev_mobe/andy/project:test24/log.txt
2015-05-07 14:59:11,500 - INFO - starting GAST
2015-05-07 14:59:11,500 - INFO - starting db upload
2015-05-07 14:59:11,500 - INFO - ALL DONE
2015-05-07 15:01:09,168 - INFO - log: /Users/avoorhis/programming/vamps-node.js/user_data/vamps_dev_mobe/andy/project:test24/log.txt
2015-05-07 15:01:09,168 - INFO - starting GAST
2015-05-07 15:01:09,168 - INFO - starting db upload
2015-05-07 15:01:09,168 - INFO - ALL DONE
2015-05-07 15:02:37,233 - INFO - log: /Users/avoorhis/programming/vamps-node.js/user_data/vamps_dev_mobe/andy/project:test24/log.txt
2015-05-07 15:02:37,233 - INFO - starting GAST
2015-05-07 15:02:37,233 - INFO - starting db upload
2015-05-07 15:02:37,233 - INFO - ALL DONE
2015-05-07 15:16:25,800 - INFO - log: /Users/avoorhis/programming/vamps-node.js/user_data/vamps_dev_mobe/andy/project:test24/log.txt
2015-05-07 15:16:25,801 - INFO - starting GAST
2015-05-07 15:16:25,802 - INFO - starting db upload
2015-05-07 15:16:25,802 - INFO - ALL DONE
