2015-05-07 12:28:45,672 - INFO - starting GAST
2015-05-07 12:38:31,557 - INFO - starting GAST
2015-05-07 12:38:31,730 - INFO - Checking for uniques file
2015-05-07 12:38:36,736 - INFO - Starting Clustergast
2015-05-07 12:38:36,736 - INFO - Not using cluster
2015-05-07 12:38:36,736 - INFO - Cluster nodes set to: 100
2015-05-07 12:38:36,736 - INFO - tax_file: /Users/avoorhis/programming/py_mbl_sequencing_pipeline/databases/refssu.tax
2015-05-07 12:38:36,737 - INFO - ref_file: /Users/avoorhis/programming/py_mbl_sequencing_pipeline/databases/refssu.fa.gz
2015-05-07 12:38:36,737 - DEBUG - grep -c > /Users/avoorhis/programming/vamps-node.js/user_data/vamps_dev_mobe/andy/project:samp56/analysis/gast/fff/unique.fa
2015-05-07 12:38:36,742 - DEBUG - fff count 34
2015-05-07 12:38:36,753 - DEBUG - facount: 34

2015-05-07 12:38:36,754 - DEBUG - 

>>>>>>>>> Count: 1/100 Dataset Count:1/1
2015-05-07 12:38:36,754 - DEBUG - fastasampler command: /Users/avoorhis/programming/py_mbl_sequencing_pipeline/pipeline/bin/fastasampler -n 1,1 /Users/avoorhis/programming/vamps-node.js/user_data/vamps_dev_mobe/andy/project:samp56/analysis/gast/fff/unique.fa /Users/avoorhis/programming/vamps-node.js/user_data/vamps_dev_mobe/andy/project:samp56/analysis/gast/fff/samp_1
2015-05-07 12:38:36,874 - DEBUG - u(v)search command: /Users/avoorhis/programming/py_mbl_sequencing_pipeline/pipeline/bin/vsearch -usearch_global /Users/avoorhis/programming/vamps-node.js/user_data/vamps_dev_mobe/andy/project:samp56/analysis/gast/fff/samp_1 -gapopen 6I/1E -uc_allhits --iddef 3 -db /Users/avoorhis/programming/py_mbl_sequencing_pipeline/databases/refssu.fa.gz -strand plus -uc /Users/avoorhis/programming/vamps-node.js/user_data/vamps_dev_mobe/andy/project:samp56/analysis/gast/fff/uc_1 -maxaccepts 10 -maxrejects 0 -id 0.7
2015-05-07 12:39:08,228 - DEBUG - grep command: grep -G "^H\t" /Users/avoorhis/programming/vamps-node.js/user_data/vamps_dev_mobe/andy/project:samp56/analysis/gast/fff/uc_1 | sed -e 's/|.*\$//' | awk -F"\t" '{print $9 "\t" $4 "\t" $10 "\t" $8}' | sort -k1,1b -k2,2gr | /Users/avoorhis/programming/py_mbl_sequencing_pipeline/pipeline/bin/clustergast_tophit -split_defline_frequency -use_full_length >> /Users/avoorhis/programming/vamps-node.js/user_data/vamps_dev_mobe/andy/project:samp56/analysis/gast/fff/fff.gast_1
2015-05-07 12:39:08,228 - DEBUG - NOT using cluster for usearch
2015-05-07 12:39:08,244 - DEBUG - 

>>>>>>>>> Count: 2/100 Dataset Count:1/1
2015-05-07 12:39:08,244 - DEBUG - fastasampler command: /Users/avoorhis/programming/py_mbl_sequencing_pipeline/pipeline/bin/fastasampler -n 2,2 /Users/avoorhis/programming/vamps-node.js/user_data/vamps_dev_mobe/andy/project:samp56/analysis/gast/fff/unique.fa /Users/avoorhis/programming/vamps-node.js/user_data/vamps_dev_mobe/andy/project:samp56/analysis/gast/fff/samp_2
2015-05-07 12:39:08,369 - DEBUG - u(v)search command: /Users/avoorhis/programming/py_mbl_sequencing_pipeline/pipeline/bin/vsearch -usearch_global /Users/avoorhis/programming/vamps-node.js/user_data/vamps_dev_mobe/andy/project:samp56/analysis/gast/fff/samp_2 -gapopen 6I/1E -uc_allhits --iddef 3 -db /Users/avoorhis/programming/py_mbl_sequencing_pipeline/databases/refssu.fa.gz -strand plus -uc /Users/avoorhis/programming/vamps-node.js/user_data/vamps_dev_mobe/andy/project:samp56/analysis/gast/fff/uc_2 -maxaccepts 10 -maxrejects 0 -id 0.7
2015-05-07 12:39:39,742 - DEBUG - grep command: grep -G "^H\t" /Users/avoorhis/programming/vamps-node.js/user_data/vamps_dev_mobe/andy/project:samp56/analysis/gast/fff/uc_2 | sed -e 's/|.*\$//' | awk -F"\t" '{print $9 "\t" $4 "\t" $10 "\t" $8}' | sort -k1,1b -k2,2gr | /Users/avoorhis/programming/py_mbl_sequencing_pipeline/pipeline/bin/clustergast_tophit -split_defline_frequency -use_full_length >> /Users/avoorhis/programming/vamps-node.js/user_data/vamps_dev_mobe/andy/project:samp56/analysis/gast/fff/fff.gast_2
2015-05-07 12:39:39,742 - DEBUG - NOT using cluster for usearch
2015-05-07 12:39:39,759 - DEBUG - 

>>>>>>>>> Count: 3/100 Dataset Count:1/1
2015-05-07 12:39:39,759 - DEBUG - fastasampler command: /Users/avoorhis/programming/py_mbl_sequencing_pipeline/pipeline/bin/fastasampler -n 3,3 /Users/avoorhis/programming/vamps-node.js/user_data/vamps_dev_mobe/andy/project:samp56/analysis/gast/fff/unique.fa /Users/avoorhis/programming/vamps-node.js/user_data/vamps_dev_mobe/andy/project:samp56/analysis/gast/fff/samp_3
2015-05-07 12:39:39,881 - DEBUG - u(v)search command: /Users/avoorhis/programming/py_mbl_sequencing_pipeline/pipeline/bin/vsearch -usearch_global /Users/avoorhis/programming/vamps-node.js/user_data/vamps_dev_mobe/andy/project:samp56/analysis/gast/fff/samp_3 -gapopen 6I/1E -uc_allhits --iddef 3 -db /Users/avoorhis/programming/py_mbl_sequencing_pipeline/databases/refssu.fa.gz -strand plus -uc /Users/avoorhis/programming/vamps-node.js/user_data/vamps_dev_mobe/andy/project:samp56/analysis/gast/fff/uc_3 -maxaccepts 10 -maxrejects 0 -id 0.7
2015-05-07 12:40:11,177 - DEBUG - grep command: grep -G "^H\t" /Users/avoorhis/programming/vamps-node.js/user_data/vamps_dev_mobe/andy/project:samp56/analysis/gast/fff/uc_3 | sed -e 's/|.*\$//' | awk -F"\t" '{print $9 "\t" $4 "\t" $10 "\t" $8}' | sort -k1,1b -k2,2gr | /Users/avoorhis/programming/py_mbl_sequencing_pipeline/pipeline/bin/clustergast_tophit -split_defline_frequency -use_full_length >> /Users/avoorhis/programming/vamps-node.js/user_data/vamps_dev_mobe/andy/project:samp56/analysis/gast/fff/fff.gast_3
2015-05-07 12:40:11,177 - DEBUG - NOT using cluster for usearch
2015-05-07 12:40:11,194 - DEBUG - 

>>>>>>>>> Count: 4/100 Dataset Count:1/1
2015-05-07 12:40:11,194 - DEBUG - fastasampler command: /Users/avoorhis/programming/py_mbl_sequencing_pipeline/pipeline/bin/fastasampler -n 4,4 /Users/avoorhis/programming/vamps-node.js/user_data/vamps_dev_mobe/andy/project:samp56/analysis/gast/fff/unique.fa /Users/avoorhis/programming/vamps-node.js/user_data/vamps_dev_mobe/andy/project:samp56/analysis/gast/fff/samp_4
2015-05-07 12:40:11,316 - DEBUG - u(v)search command: /Users/avoorhis/programming/py_mbl_sequencing_pipeline/pipeline/bin/vsearch -usearch_global /Users/avoorhis/programming/vamps-node.js/user_data/vamps_dev_mobe/andy/project:samp56/analysis/gast/fff/samp_4 -gapopen 6I/1E -uc_allhits --iddef 3 -db /Users/avoorhis/programming/py_mbl_sequencing_pipeline/databases/refssu.fa.gz -strand plus -uc /Users/avoorhis/programming/vamps-node.js/user_data/vamps_dev_mobe/andy/project:samp56/analysis/gast/fff/uc_4 -maxaccepts 10 -maxrejects 0 -id 0.7
2015-05-07 12:40:42,769 - DEBUG - grep command: grep -G "^H\t" /Users/avoorhis/programming/vamps-node.js/user_data/vamps_dev_mobe/andy/project:samp56/analysis/gast/fff/uc_4 | sed -e 's/|.*\$//' | awk -F"\t" '{print $9 "\t" $4 "\t" $10 "\t" $8}' | sort -k1,1b -k2,2gr | /Users/avoorhis/programming/py_mbl_sequencing_pipeline/pipeline/bin/clustergast_tophit -split_defline_frequency -use_full_length >> /Users/avoorhis/programming/vamps-node.js/user_data/vamps_dev_mobe/andy/project:samp56/analysis/gast/fff/fff.gast_4
2015-05-07 12:40:42,769 - DEBUG - NOT using cluster for usearch
2015-05-07 12:40:42,786 - DEBUG - 

>>>>>>>>> Count: 5/100 Dataset Count:1/1
2015-05-07 12:40:42,786 - DEBUG - fastasampler command: /Users/avoorhis/programming/py_mbl_sequencing_pipeline/pipeline/bin/fastasampler -n 5,5 /Users/avoorhis/programming/vamps-node.js/user_data/vamps_dev_mobe/andy/project:samp56/analysis/gast/fff/unique.fa /Users/avoorhis/programming/vamps-node.js/user_data/vamps_dev_mobe/andy/project:samp56/analysis/gast/fff/samp_5
2015-05-07 12:40:42,911 - DEBUG - u(v)search command: /Users/avoorhis/programming/py_mbl_sequencing_pipeline/pipeline/bin/vsearch -usearch_global /Users/avoorhis/programming/vamps-node.js/user_data/vamps_dev_mobe/andy/project:samp56/analysis/gast/fff/samp_5 -gapopen 6I/1E -uc_allhits --iddef 3 -db /Users/avoorhis/programming/py_mbl_sequencing_pipeline/databases/refssu.fa.gz -strand plus -uc /Users/avoorhis/programming/vamps-node.js/user_data/vamps_dev_mobe/andy/project:samp56/analysis/gast/fff/uc_5 -maxaccepts 10 -maxrejects 0 -id 0.7
2015-05-07 12:41:14,206 - DEBUG - grep command: grep -G "^H\t" /Users/avoorhis/programming/vamps-node.js/user_data/vamps_dev_mobe/andy/project:samp56/analysis/gast/fff/uc_5 | sed -e 's/|.*\$//' | awk -F"\t" '{print $9 "\t" $4 "\t" $10 "\t" $8}' | sort -k1,1b -k2,2gr | /Users/avoorhis/programming/py_mbl_sequencing_pipeline/pipeline/bin/clustergast_tophit -split_defline_frequency -use_full_length >> /Users/avoorhis/programming/vamps-node.js/user_data/vamps_dev_mobe/andy/project:samp56/analysis/gast/fff/fff.gast_5
2015-05-07 12:41:14,206 - DEBUG - NOT using cluster for usearch
2015-05-07 12:41:14,222 - DEBUG - 

>>>>>>>>> Count: 6/100 Dataset Count:1/1
2015-05-07 12:41:14,223 - DEBUG - fastasampler command: /Users/avoorhis/programming/py_mbl_sequencing_pipeline/pipeline/bin/fastasampler -n 6,6 /Users/avoorhis/programming/vamps-node.js/user_data/vamps_dev_mobe/andy/project:samp56/analysis/gast/fff/unique.fa /Users/avoorhis/programming/vamps-node.js/user_data/vamps_dev_mobe/andy/project:samp56/analysis/gast/fff/samp_6
2015-05-07 12:41:14,343 - DEBUG - u(v)search command: /Users/avoorhis/programming/py_mbl_sequencing_pipeline/pipeline/bin/vsearch -usearch_global /Users/avoorhis/programming/vamps-node.js/user_data/vamps_dev_mobe/andy/project:samp56/analysis/gast/fff/samp_6 -gapopen 6I/1E -uc_allhits --iddef 3 -db /Users/avoorhis/programming/py_mbl_sequencing_pipeline/databases/refssu.fa.gz -strand plus -uc /Users/avoorhis/programming/vamps-node.js/user_data/vamps_dev_mobe/andy/project:samp56/analysis/gast/fff/uc_6 -maxaccepts 10 -maxrejects 0 -id 0.7
2015-05-07 12:41:45,602 - DEBUG - grep command: grep -G "^H\t" /Users/avoorhis/programming/vamps-node.js/user_data/vamps_dev_mobe/andy/project:samp56/analysis/gast/fff/uc_6 | sed -e 's/|.*\$//' | awk -F"\t" '{print $9 "\t" $4 "\t" $10 "\t" $8}' | sort -k1,1b -k2,2gr | /Users/avoorhis/programming/py_mbl_sequencing_pipeline/pipeline/bin/clustergast_tophit -split_defline_frequency -use_full_length >> /Users/avoorhis/programming/vamps-node.js/user_data/vamps_dev_mobe/andy/project:samp56/analysis/gast/fff/fff.gast_6
2015-05-07 12:41:45,603 - DEBUG - NOT using cluster for usearch
2015-05-07 12:41:45,619 - DEBUG - 

>>>>>>>>> Count: 7/100 Dataset Count:1/1
2015-05-07 12:41:45,619 - DEBUG - fastasampler command: /Users/avoorhis/programming/py_mbl_sequencing_pipeline/pipeline/bin/fastasampler -n 7,7 /Users/avoorhis/programming/vamps-node.js/user_data/vamps_dev_mobe/andy/project:samp56/analysis/gast/fff/unique.fa /Users/avoorhis/programming/vamps-node.js/user_data/vamps_dev_mobe/andy/project:samp56/analysis/gast/fff/samp_7
2015-05-07 12:41:45,741 - DEBUG - u(v)search command: /Users/avoorhis/programming/py_mbl_sequencing_pipeline/pipeline/bin/vsearch -usearch_global /Users/avoorhis/programming/vamps-node.js/user_data/vamps_dev_mobe/andy/project:samp56/analysis/gast/fff/samp_7 -gapopen 6I/1E -uc_allhits --iddef 3 -db /Users/avoorhis/programming/py_mbl_sequencing_pipeline/databases/refssu.fa.gz -strand plus -uc /Users/avoorhis/programming/vamps-node.js/user_data/vamps_dev_mobe/andy/project:samp56/analysis/gast/fff/uc_7 -maxaccepts 10 -maxrejects 0 -id 0.7
2015-05-07 12:42:17,009 - DEBUG - grep command: grep -G "^H\t" /Users/avoorhis/programming/vamps-node.js/user_data/vamps_dev_mobe/andy/project:samp56/analysis/gast/fff/uc_7 | sed -e 's/|.*\$//' | awk -F"\t" '{print $9 "\t" $4 "\t" $10 "\t" $8}' | sort -k1,1b -k2,2gr | /Users/avoorhis/programming/py_mbl_sequencing_pipeline/pipeline/bin/clustergast_tophit -split_defline_frequency -use_full_length >> /Users/avoorhis/programming/vamps-node.js/user_data/vamps_dev_mobe/andy/project:samp56/analysis/gast/fff/fff.gast_7
2015-05-07 12:42:17,009 - DEBUG - NOT using cluster for usearch
2015-05-07 12:42:17,025 - DEBUG - 

>>>>>>>>> Count: 8/100 Dataset Count:1/1
2015-05-07 12:42:17,025 - DEBUG - fastasampler command: /Users/avoorhis/programming/py_mbl_sequencing_pipeline/pipeline/bin/fastasampler -n 8,8 /Users/avoorhis/programming/vamps-node.js/user_data/vamps_dev_mobe/andy/project:samp56/analysis/gast/fff/unique.fa /Users/avoorhis/programming/vamps-node.js/user_data/vamps_dev_mobe/andy/project:samp56/analysis/gast/fff/samp_8
2015-05-07 12:42:17,146 - DEBUG - u(v)search command: /Users/avoorhis/programming/py_mbl_sequencing_pipeline/pipeline/bin/vsearch -usearch_global /Users/avoorhis/programming/vamps-node.js/user_data/vamps_dev_mobe/andy/project:samp56/analysis/gast/fff/samp_8 -gapopen 6I/1E -uc_allhits --iddef 3 -db /Users/avoorhis/programming/py_mbl_sequencing_pipeline/databases/refssu.fa.gz -strand plus -uc /Users/avoorhis/programming/vamps-node.js/user_data/vamps_dev_mobe/andy/project:samp56/analysis/gast/fff/uc_8 -maxaccepts 10 -maxrejects 0 -id 0.7
